WARNING: OMP_NUM_THREADS set to 14, not 1. The computation speed will not be optimized if you use data parallel. It will fail if this PaddlePaddle binary is compiled with OpenBlas since OpenBlas does not support multi-threads.
PLEASE USE OMP_NUM_THREADS WISELY.
23-05-04 19:55:46.531 - INFO:   name: test_AGCMtoLE
  model: sr
  distortion: sr
  scale: 1
  crop_border: None
  gpu_ids: [0]
  network_G:[
    which_model_G: ConditionNet
    classifier: color_condition
    cond_c: 6
    scale: 1
  ]
  datasets:[
    test1:[
      name: HDRTV1K_test
      mode: LQGT_rcan
      dataroot_GT: ../hyconditm-master/datasets/HDRTV1K/train/train_hdr_sub
      dataroot_cond: ../hyconditm-master/datasets/HDRTV1K/cond
      dataroot_LQ: ../hyconditm-master/datasets/HDRTV1K/train/train_sdr_sub
      cond_scale: 4
      phase: test1
      scale: 1
      data_type: img
    ]
  ]
  path:[
    pretrain_model_G: experiments/AGCM_v1/models/500000_G.pdparams
    root: /root/autodl-tmp/AGCM_paddle-main
    results_root: /root/autodl-tmp/AGCM_paddle-main/results/test_AGCMtoLE
    log: /root/autodl-tmp/AGCM_paddle-main/results/test_AGCMtoLE
  ]
  is_train: False

23-05-04 19:55:47.014 - INFO: Dataset [LQGTDataset_rcan - HDRTV1K_test] is created.
23-05-04 19:55:47.014 - INFO: Number of test images in [HDRTV1K_test]: 49400
W0504 19:55:47.023310 292725 gpu_resources.cc:61] Please NOTE: device: 0, GPU Compute Capability: 8.6, Driver API Version: 11.6, Runtime API Version: 11.6
W0504 19:55:47.030802 292725 gpu_resources.cc:91] device: 0, cuDNN Version: 8.4.
23-05-04 19:55:48.192 - INFO: Network G structure: ConditionNet, with parameters: 35,251
23-05-04 19:55:48.192 - INFO: ConditionNet(
  (classifier): Color_Condition(
    (model): Sequential(
      (0): Conv2D(3, 16, kernel_size=[1, 1], data_format=NCHW)
      (1): AvgPool2D(kernel_size=3, stride=2, padding=1)
      (2): LeakyReLU(negative_slope=0.2)
      (3): InstanceNorm2D(num_features=16, epsilon=1e-05)
      (4): Conv2D(16, 32, kernel_size=[1, 1], data_format=NCHW)
      (5): AvgPool2D(kernel_size=3, stride=2, padding=1)
      (6): LeakyReLU(negative_slope=0.2)
      (7): InstanceNorm2D(num_features=32, epsilon=1e-05)
      (8): Conv2D(32, 64, kernel_size=[1, 1], data_format=NCHW)
      (9): AvgPool2D(kernel_size=3, stride=2, padding=1)
      (10): LeakyReLU(negative_slope=0.2)
      (11): InstanceNorm2D(num_features=64, epsilon=1e-05)
      (12): Conv2D(64, 128, kernel_size=[1, 1], data_format=NCHW)
      (13): AvgPool2D(kernel_size=3, stride=2, padding=1)
      (14): LeakyReLU(negative_slope=0.2)
      (15): InstanceNorm2D(num_features=128, epsilon=1e-05)
      (16): Conv2D(128, 128, kernel_size=[1, 1], data_format=NCHW)
      (17): AvgPool2D(kernel_size=3, stride=2, padding=1)
      (18): LeakyReLU(negative_slope=0.2)
      (19): Dropout(p=0.5, axis=None, mode=upscale_in_train)
      (20): Conv2D(128, 6, kernel_size=[1, 1], data_format=NCHW)
      (21): AdaptiveAvgPool2D(output_size=1)
    )
  )
  (cond_scale_first): Linear(in_features=6, out_features=64, dtype=float32)
  (cond_scale_HR): Linear(in_features=6, out_features=64, dtype=float32)
  (cond_scale_last): Linear(in_features=6, out_features=3, dtype=float32)
  (cond_shift_first): Linear(in_features=6, out_features=64, dtype=float32)
  (cond_shift_HR): Linear(in_features=6, out_features=64, dtype=float32)
  (cond_shift_last): Linear(in_features=6, out_features=3, dtype=float32)
  (conv_first): Conv2D(3, 64, kernel_size=[1, 1], data_format=NCHW)
  (HRconv): Conv2D(64, 64, kernel_size=[1, 1], data_format=NCHW)
  (conv_last): Conv2D(64, 3, kernel_size=[1, 1], data_format=NCHW)
  (act): ReLU()
)
23-05-04 19:55:48.192 - INFO: Loading model for G [experiments/AGCM_v1/models/500000_G.pdparams] ...
23-05-04 19:55:48.198 - INFO: Model [SRModel] is created.
23-05-04 19:55:48.199 - INFO: 
Testing [HDRTV1K_test]...
export CUDA_VISIBLE_DEVICES=0
23-05-04 19:55:52.328 - INFO: black_001_s001       - PSNR: 74.018209 dB; SSIM: 0.999804; PSNR_Y: 75.340130 dB; SSIM_Y: 0.999995.
23-05-04 19:55:52.641 - INFO: black_001_s002       - PSNR: 80.000000 dB; SSIM: 1.000000; PSNR_Y: 80.000000 dB; SSIM_Y: 1.000000.
23-05-04 19:55:52.955 - INFO: black_001_s003       - PSNR: 74.018209 dB; SSIM: 0.999804; PSNR_Y: 75.340130 dB; SSIM_Y: 0.999995.
23-05-04 19:55:53.213 - INFO: black_001_s004       - PSNR: 80.000000 dB; SSIM: 1.000000; PSNR_Y: 80.000000 dB; SSIM_Y: 1.000000.
23-05-04 19:55:53.538 - INFO: black_001_s005       - PSNR: 74.018209 dB; SSIM: 0.999804; PSNR_Y: 75.340130 dB; SSIM_Y: 0.999995.
23-05-04 19:55:53.860 - INFO: black_001_s006       - PSNR: 80.000000 dB; SSIM: 1.000000; PSNR_Y: 80.000000 dB; SSIM_Y: 1.000000.
23-05-04 19:55:54.184 - INFO: black_001_s007       - PSNR: 74.018209 dB; SSIM: 0.999804; PSNR_Y: 75.340130 dB; SSIM_Y: 0.999995.
23-05-04 19:55:54.500 - INFO: black_001_s008       - PSNR: 80.000000 dB; SSIM: 1.000000; PSNR_Y: 80.000000 dB; SSIM_Y: 1.000000.
23-05-04 19:55:54.816 - INFO: black_001_s009       - PSNR: 80.000000 dB; SSIM: 1.000000; PSNR_Y: 80.000000 dB; SSIM_Y: 1.000000.
23-05-04 19:55:55.135 - INFO: black_001_s010       - PSNR: 80.000000 dB; SSIM: 1.000000; PSNR_Y: 80.000000 dB; SSIM_Y: 1.000000.
23-05-04 19:55:55.453 - INFO: black_001_s011       - PSNR: 80.000000 dB; SSIM: 1.000000; PSNR_Y: 80.000000 dB; SSIM_Y: 1.000000.
23-05-04 19:55:55.769 - INFO: black_001_s012       - PSNR: 80.000000 dB; SSIM: 1.000000; PSNR_Y: 80.000000 dB; SSIM_Y: 1.000000.
23-05-04 19:55:56.086 - INFO: black_001_s013       - PSNR: 80.000000 dB; SSIM: 1.000000; PSNR_Y: 80.000000 dB; SSIM_Y: 1.000000.
23-05-04 19:55:56.404 - INFO: black_001_s014       - PSNR: 80.000000 dB; SSIM: 1.000000; PSNR_Y: 80.000000 dB; SSIM_Y: 1.000000.
23-05-04 19:55:56.719 - INFO: black_001_s015       - PSNR: 80.000000 dB; SSIM: 1.000000; PSNR_Y: 80.000000 dB; SSIM_Y: 1.000000.
23-05-04 19:55:57.032 - INFO: black_001_s016       - PSNR: 80.000000 dB; SSIM: 1.000000; PSNR_Y: 80.000000 dB; SSIM_Y: 1.000000.
23-05-04 19:55:57.346 - INFO: black_001_s017       - PSNR: 80.000000 dB; SSIM: 1.000000; PSNR_Y: 80.000000 dB; SSIM_Y: 1.000000.
23-05-04 19:55:57.664 - INFO: black_001_s018       - PSNR: 80.000000 dB; SSIM: 1.000000; PSNR_Y: 80.000000 dB; SSIM_Y: 1.000000.
23-05-04 19:55:57.935 - INFO: black_001_s019       - PSNR: 80.000000 dB; SSIM: 1.000000; PSNR_Y: 80.000000 dB; SSIM_Y: 1.000000.
23-05-04 19:55:58.250 - INFO: black_001_s020       - PSNR: 80.000000 dB; SSIM: 1.000000; PSNR_Y: 80.000000 dB; SSIM_Y: 1.000000.
23-05-04 19:55:58.519 - INFO: black_001_s021       - PSNR: 80.000000 dB; SSIM: 1.000000; PSNR_Y: 80.000000 dB; SSIM_Y: 1.000000.
23-05-04 19:55:58.839 - INFO: black_001_s022       - PSNR: 80.000000 dB; SSIM: 1.000000; PSNR_Y: 80.000000 dB; SSIM_Y: 1.000000.
23-05-04 19:55:59.093 - INFO: black_001_s023       - PSNR: 80.000000 dB; SSIM: 1.000000; PSNR_Y: 80.000000 dB; SSIM_Y: 1.000000.
23-05-04 19:55:59.396 - INFO: black_001_s024       - PSNR: 80.000000 dB; SSIM: 1.000000; PSNR_Y: 80.000000 dB; SSIM_Y: 1.000000.
23-05-04 19:55:59.712 - INFO: black_001_s025       - PSNR: 80.000000 dB; SSIM: 1.000000; PSNR_Y: 80.000000 dB; SSIM_Y: 1.000000.
23-05-04 19:56:00.031 - INFO: black_001_s026       - PSNR: 80.000000 dB; SSIM: 1.000000; PSNR_Y: 80.000000 dB; SSIM_Y: 1.000000.
23-05-04 19:56:00.291 - INFO: black_001_s027       - PSNR: 80.000000 dB; SSIM: 1.000000; PSNR_Y: 80.000000 dB; SSIM_Y: 1.000000.
23-05-04 19:56:00.617 - INFO: black_001_s028       - PSNR: 80.000000 dB; SSIM: 1.000000; PSNR_Y: 80.000000 dB; SSIM_Y: 1.000000.
23-05-04 19:56:00.933 - INFO: black_001_s029       - PSNR: 80.000000 dB; SSIM: 1.000000; PSNR_Y: 80.000000 dB; SSIM_Y: 1.000000.
23-05-04 19:56:01.254 - INFO: black_001_s030       - PSNR: 80.000000 dB; SSIM: 1.000000; PSNR_Y: 80.000000 dB; SSIM_Y: 1.000000.
23-05-04 19:56:01.572 - INFO: black_001_s031       - PSNR: 80.000000 dB; SSIM: 1.000000; PSNR_Y: 80.000000 dB; SSIM_Y: 1.000000.
23-05-04 19:56:01.890 - INFO: black_001_s032       - PSNR: 80.000000 dB; SSIM: 1.000000; PSNR_Y: 80.000000 dB; SSIM_Y: 1.000000.
23-05-04 19:56:02.210 - INFO: black_001_s033       - PSNR: 80.000000 dB; SSIM: 1.000000; PSNR_Y: 80.000000 dB; SSIM_Y: 1.000000.
23-05-04 19:56:02.526 - INFO: black_001_s034       - PSNR: 80.000000 dB; SSIM: 1.000000; PSNR_Y: 80.000000 dB; SSIM_Y: 1.000000.
23-05-04 19:56:02.849 - INFO: black_001_s035       - PSNR: 80.000000 dB; SSIM: 1.000000; PSNR_Y: 80.000000 dB; SSIM_Y: 1.000000.
23-05-04 19:56:03.122 - INFO: black_001_s036       - PSNR: 80.000000 dB; SSIM: 1.000000; PSNR_Y: 80.000000 dB; SSIM_Y: 1.000000.
23-05-04 19:56:03.443 - INFO: black_001_s037       - PSNR: 80.000000 dB; SSIM: 1.000000; PSNR_Y: 80.000000 dB; SSIM_Y: 1.000000.
23-05-04 19:56:03.722 - INFO: black_001_s038       - PSNR: 80.000000 dB; SSIM: 1.000000; PSNR_Y: 80.000000 dB; SSIM_Y: 1.000000.
23-05-04 19:56:04.029 - INFO: black_001_s039       - PSNR: 80.000000 dB; SSIM: 1.000000; PSNR_Y: 80.000000 dB; SSIM_Y: 1.000000.
23-05-04 19:56:04.350 - INFO: black_001_s040       - PSNR: 80.000000 dB; SSIM: 1.000000; PSNR_Y: 80.000000 dB; SSIM_Y: 1.000000.
23-05-04 19:56:04.667 - INFO: black_002_s001       - PSNR: 78.931826 dB; SSIM: 0.999939; PSNR_Y: 80.253747 dB; SSIM_Y: 0.999996.
23-05-04 19:56:04.931 - INFO: black_002_s002       - PSNR: 80.000000 dB; SSIM: 1.000000; PSNR_Y: 80.000000 dB; SSIM_Y: 1.000000.
23-05-04 19:56:05.264 - INFO: black_002_s003       - PSNR: 78.931826 dB; SSIM: 0.999939; PSNR_Y: 80.253747 dB; SSIM_Y: 0.999996.
23-05-04 19:56:05.586 - INFO: black_002_s004       - PSNR: 80.000000 dB; SSIM: 1.000000; PSNR_Y: 80.000000 dB; SSIM_Y: 1.000000.
23-05-04 19:56:05.903 - INFO: black_002_s005       - PSNR: 78.931826 dB; SSIM: 0.999939; PSNR_Y: 80.253747 dB; SSIM_Y: 0.999996.
23-05-04 19:56:06.221 - INFO: black_002_s006       - PSNR: 80.000000 dB; SSIM: 1.000000; PSNR_Y: 80.000000 dB; SSIM_Y: 1.000000.
23-05-04 19:56:06.539 - INFO: black_002_s007       - PSNR: 78.931826 dB; SSIM: 0.999939; PSNR_Y: 80.253747 dB; SSIM_Y: 0.999996.
23-05-04 19:56:06.863 - INFO: black_002_s008       - PSNR: 80.000000 dB; SSIM: 1.000000; PSNR_Y: 80.000000 dB; SSIM_Y: 1.000000.
23-05-04 19:56:07.188 - INFO: black_002_s009       - PSNR: 80.000000 dB; SSIM: 1.000000; PSNR_Y: 80.000000 dB; SSIM_Y: 1.000000.
23-05-04 19:56:07.514 - INFO: black_002_s010       - PSNR: 80.000000 dB; SSIM: 1.000000; PSNR_Y: 80.000000 dB; SSIM_Y: 1.000000.
23-05-04 19:56:07.789 - INFO: black_002_s011       - PSNR: 80.000000 dB; SSIM: 1.000000; PSNR_Y: 80.000000 dB; SSIM_Y: 1.000000.
23-05-04 19:56:08.115 - INFO: black_002_s012       - PSNR: 80.000000 dB; SSIM: 1.000000; PSNR_Y: 80.000000 dB; SSIM_Y: 1.000000.
23-05-04 19:56:08.397 - INFO: black_002_s013       - PSNR: 80.000000 dB; SSIM: 1.000000; PSNR_Y: 80.000000 dB; SSIM_Y: 1.000000.
23-05-04 19:56:08.722 - INFO: black_002_s014       - PSNR: 80.000000 dB; SSIM: 1.000000; PSNR_Y: 80.000000 dB; SSIM_Y: 1.000000.
23-05-04 19:56:08.997 - INFO: black_002_s015       - PSNR: 80.000000 dB; SSIM: 1.000000; PSNR_Y: 80.000000 dB; SSIM_Y: 1.000000.
23-05-04 19:56:09.314 - INFO: black_002_s016       - PSNR: 80.000000 dB; SSIM: 1.000000; PSNR_Y: 80.000000 dB; SSIM_Y: 1.000000.
23-05-04 19:56:09.584 - INFO: black_002_s017       - PSNR: 80.000000 dB; SSIM: 1.000000; PSNR_Y: 80.000000 dB; SSIM_Y: 1.000000.
23-05-04 19:56:09.904 - INFO: black_002_s018       - PSNR: 80.000000 dB; SSIM: 1.000000; PSNR_Y: 80.000000 dB; SSIM_Y: 1.000000.
23-05-04 19:56:10.169 - INFO: black_002_s019       - PSNR: 80.000000 dB; SSIM: 1.000000; PSNR_Y: 80.000000 dB; SSIM_Y: 1.000000.
23-05-04 19:56:10.484 - INFO: black_002_s020       - PSNR: 80.000000 dB; SSIM: 1.000000; PSNR_Y: 80.000000 dB; SSIM_Y: 1.000000.
23-05-04 19:56:10.803 - INFO: black_002_s021       - PSNR: 80.000000 dB; SSIM: 1.000000; PSNR_Y: 80.000000 dB; SSIM_Y: 1.000000.
23-05-04 19:56:11.123 - INFO: black_002_s022       - PSNR: 80.000000 dB; SSIM: 1.000000; PSNR_Y: 80.000000 dB; SSIM_Y: 1.000000.
23-05-04 19:56:11.388 - INFO: black_002_s023       - PSNR: 80.000000 dB; SSIM: 1.000000; PSNR_Y: 80.000000 dB; SSIM_Y: 1.000000.
23-05-04 19:56:11.718 - INFO: black_002_s024       - PSNR: 80.000000 dB; SSIM: 1.000000; PSNR_Y: 80.000000 dB; SSIM_Y: 1.000000.
23-05-04 19:56:12.041 - INFO: black_002_s025       - PSNR: 80.000000 dB; SSIM: 1.000000; PSNR_Y: 80.000000 dB; SSIM_Y: 1.000000.
23-05-04 19:56:12.364 - INFO: black_002_s026       - PSNR: 80.000000 dB; SSIM: 1.000000; PSNR_Y: 80.000000 dB; SSIM_Y: 1.000000.
23-05-04 19:56:12.690 - INFO: black_002_s027       - PSNR: 80.000000 dB; SSIM: 1.000000; PSNR_Y: 80.000000 dB; SSIM_Y: 1.000000.
23-05-04 19:56:13.011 - INFO: black_002_s028       - PSNR: 80.000000 dB; SSIM: 1.000000; PSNR_Y: 80.000000 dB; SSIM_Y: 1.000000.
23-05-04 19:56:13.335 - INFO: black_002_s029       - PSNR: 80.000000 dB; SSIM: 1.000000; PSNR_Y: 80.000000 dB; SSIM_Y: 1.000000.
23-05-04 19:56:13.655 - INFO: black_002_s030       - PSNR: 80.000000 dB; SSIM: 1.000000; PSNR_Y: 80.000000 dB; SSIM_Y: 1.000000.
23-05-04 19:56:13.979 - INFO: black_002_s031       - PSNR: 80.000000 dB; SSIM: 1.000000; PSNR_Y: 80.000000 dB; SSIM_Y: 1.000000.
23-05-04 19:56:14.251 - INFO: black_002_s032       - PSNR: 80.000000 dB; SSIM: 1.000000; PSNR_Y: 80.000000 dB; SSIM_Y: 1.000000.
23-05-04 19:56:14.572 - INFO: black_002_s033       - PSNR: 80.000000 dB; SSIM: 1.000000; PSNR_Y: 80.000000 dB; SSIM_Y: 1.000000.
23-05-04 19:56:14.900 - INFO: black_002_s034       - PSNR: 80.000000 dB; SSIM: 1.000000; PSNR_Y: 80.000000 dB; SSIM_Y: 1.000000.
23-05-04 19:56:15.322 - INFO: black_002_s035       - PSNR: 80.000000 dB; SSIM: 1.000000; PSNR_Y: 80.000000 dB; SSIM_Y: 1.000000.
23-05-04 19:56:15.726 - INFO: black_002_s036       - PSNR: 80.000000 dB; SSIM: 1.000000; PSNR_Y: 80.000000 dB; SSIM_Y: 1.000000.
23-05-04 19:56:16.227 - INFO: black_002_s037       - PSNR: 80.000000 dB; SSIM: 1.000000; PSNR_Y: 80.000000 dB; SSIM_Y: 1.000000.
23-05-04 19:56:16.619 - INFO: black_002_s038       - PSNR: 80.000000 dB; SSIM: 1.000000; PSNR_Y: 80.000000 dB; SSIM_Y: 1.000000.
23-05-04 19:56:16.928 - INFO: black_002_s039       - PSNR: 80.000000 dB; SSIM: 1.000000; PSNR_Y: 80.000000 dB; SSIM_Y: 1.000000.
23-05-04 19:56:17.246 - INFO: black_002_s040       - PSNR: 80.000000 dB; SSIM: 1.000000; PSNR_Y: 80.000000 dB; SSIM_Y: 1.000000.
23-05-04 19:56:17.564 - INFO: black_003_s001       - PSNR: 81.549028 dB; SSIM: 0.999962; PSNR_Y: 82.870949 dB; SSIM_Y: 0.999997.
23-05-04 19:56:17.825 - INFO: black_003_s002       - PSNR: 80.000000 dB; SSIM: 1.000000; PSNR_Y: 80.000000 dB; SSIM_Y: 1.000000.
23-05-04 19:56:18.152 - INFO: black_003_s003       - PSNR: 81.549028 dB; SSIM: 0.999962; PSNR_Y: 82.870949 dB; SSIM_Y: 0.999997.
23-05-04 19:56:18.470 - INFO: black_003_s004       - PSNR: 80.000000 dB; SSIM: 1.000000; PSNR_Y: 80.000000 dB; SSIM_Y: 1.000000.
23-05-04 19:56:18.787 - INFO: black_003_s005       - PSNR: 81.549028 dB; SSIM: 0.999962; PSNR_Y: 82.870949 dB; SSIM_Y: 0.999997.
23-05-04 19:56:19.103 - INFO: black_003_s006       - PSNR: 80.000000 dB; SSIM: 1.000000; PSNR_Y: 80.000000 dB; SSIM_Y: 1.000000.
23-05-04 19:56:19.419 - INFO: black_003_s007       - PSNR: 81.549028 dB; SSIM: 0.999962; PSNR_Y: 82.870949 dB; SSIM_Y: 0.999997.
23-05-04 19:56:19.735 - INFO: black_003_s008       - PSNR: 80.000000 dB; SSIM: 1.000000; PSNR_Y: 80.000000 dB; SSIM_Y: 1.000000.
23-05-04 19:56:20.055 - INFO: black_003_s009       - PSNR: 80.000000 dB; SSIM: 1.000000; PSNR_Y: 80.000000 dB; SSIM_Y: 1.000000.
23-05-04 19:56:20.370 - INFO: black_003_s010       - PSNR: 80.000000 dB; SSIM: 1.000000; PSNR_Y: 80.000000 dB; SSIM_Y: 1.000000.
23-05-04 19:56:20.642 - INFO: black_003_s011       - PSNR: 80.000000 dB; SSIM: 1.000000; PSNR_Y: 80.000000 dB; SSIM_Y: 1.000000.
23-05-04 19:56:20.959 - INFO: black_003_s012       - PSNR: 52.151676 dB; SSIM: 0.998538; PSNR_Y: 53.673471 dB; SSIM_Y: 0.999032.
23-05-04 19:56:21.233 - INFO: black_003_s013       - PSNR: 59.163019 dB; SSIM: 0.999582; PSNR_Y: 60.642210 dB; SSIM_Y: 0.999730.
23-05-04 19:56:21.551 - INFO: black_003_s014       - PSNR: 80.000000 dB; SSIM: 1.000000; PSNR_Y: 80.000000 dB; SSIM_Y: 1.000000.
23-05-04 19:56:21.822 - INFO: black_003_s015       - PSNR: 80.000000 dB; SSIM: 1.000000; PSNR_Y: 80.000000 dB; SSIM_Y: 1.000000.
23-05-04 19:56:22.151 - INFO: black_003_s016       - PSNR: 80.000000 dB; SSIM: 1.000000; PSNR_Y: 80.000000 dB; SSIM_Y: 1.000000.
23-05-04 19:56:22.413 - INFO: black_003_s017       - PSNR: 80.000000 dB; SSIM: 1.000000; PSNR_Y: 80.000000 dB; SSIM_Y: 1.000000.
23-05-04 19:56:22.723 - INFO: black_003_s018       - PSNR: 80.000000 dB; SSIM: 1.000000; PSNR_Y: 80.000000 dB; SSIM_Y: 1.000000.
23-05-04 19:56:23.047 - INFO: black_003_s019       - PSNR: 80.000000 dB; SSIM: 1.000000; PSNR_Y: 80.000000 dB; SSIM_Y: 1.000000.
23-05-04 19:56:23.373 - INFO: black_003_s020       - PSNR: 54.671995 dB; SSIM: 0.998979; PSNR_Y: 56.027862 dB; SSIM_Y: 0.999270.
23-05-04 19:56:23.644 - INFO: black_003_s021       - PSNR: 48.744558 dB; SSIM: 0.995281; PSNR_Y: 50.111102 dB; SSIM_Y: 0.996359.
23-05-04 19:56:23.973 - INFO: black_003_s022       - PSNR: 80.000000 dB; SSIM: 1.000000; PSNR_Y: 80.000000 dB; SSIM_Y: 1.000000.
23-05-04 19:56:24.290 - INFO: black_003_s023       - PSNR: 80.000000 dB; SSIM: 1.000000; PSNR_Y: 80.000000 dB; SSIM_Y: 1.000000.
23-05-04 19:56:24.605 - INFO: black_003_s024       - PSNR: 80.000000 dB; SSIM: 1.000000; PSNR_Y: 80.000000 dB; SSIM_Y: 1.000000.
23-05-04 19:56:24.931 - INFO: black_003_s025       - PSNR: 80.000000 dB; SSIM: 1.000000; PSNR_Y: 80.000000 dB; SSIM_Y: 1.000000.
23-05-04 19:56:25.251 - INFO: black_003_s026       - PSNR: 80.000000 dB; SSIM: 1.000000; PSNR_Y: 80.000000 dB; SSIM_Y: 1.000000.
23-05-04 19:56:25.564 - INFO: black_003_s027       - PSNR: 80.000000 dB; SSIM: 1.000000; PSNR_Y: 80.000000 dB; SSIM_Y: 1.000000.
23-05-04 19:56:25.882 - INFO: black_003_s028       - PSNR: 68.986262 dB; SSIM: 0.999940; PSNR_Y: 70.357082 dB; SSIM_Y: 0.999959.
23-05-04 19:56:26.206 - INFO: black_003_s029       - PSNR: 54.195240 dB; SSIM: 0.998113; PSNR_Y: 55.553761 dB; SSIM_Y: 0.998659.
23-05-04 19:56:26.479 - INFO: black_003_s030       - PSNR: 80.000000 dB; SSIM: 1.000000; PSNR_Y: 80.000000 dB; SSIM_Y: 1.000000.
23-05-04 19:56:26.801 - INFO: black_003_s031       - PSNR: 80.000000 dB; SSIM: 1.000000; PSNR_Y: 80.000000 dB; SSIM_Y: 1.000000.
23-05-04 19:56:27.066 - INFO: black_003_s032       - PSNR: 80.000000 dB; SSIM: 1.000000; PSNR_Y: 80.000000 dB; SSIM_Y: 1.000000.
23-05-04 19:56:27.368 - INFO: black_003_s033       - PSNR: 80.000000 dB; SSIM: 1.000000; PSNR_Y: 80.000000 dB; SSIM_Y: 1.000000.
23-05-04 19:56:27.686 - INFO: black_003_s034       - PSNR: 80.000000 dB; SSIM: 1.000000; PSNR_Y: 80.000000 dB; SSIM_Y: 1.000000.
23-05-04 19:56:28.010 - INFO: black_003_s035       - PSNR: 80.000000 dB; SSIM: 1.000000; PSNR_Y: 80.000000 dB; SSIM_Y: 1.000000.
23-05-04 19:56:28.283 - INFO: black_003_s036       - PSNR: 80.000000 dB; SSIM: 1.000000; PSNR_Y: 80.000000 dB; SSIM_Y: 1.000000.
23-05-04 19:56:28.614 - INFO: black_003_s037       - PSNR: 80.000000 dB; SSIM: 1.000000; PSNR_Y: 80.000000 dB; SSIM_Y: 1.000000.
23-05-04 19:56:28.933 - INFO: black_003_s038       - PSNR: 80.000000 dB; SSIM: 1.000000; PSNR_Y: 80.000000 dB; SSIM_Y: 1.000000.
23-05-04 19:56:29.256 - INFO: black_003_s039       - PSNR: 80.000000 dB; SSIM: 1.000000; PSNR_Y: 80.000000 dB; SSIM_Y: 1.000000.
23-05-04 19:56:29.577 - INFO: black_003_s040       - PSNR: 80.000000 dB; SSIM: 1.000000; PSNR_Y: 80.000000 dB; SSIM_Y: 1.000000.
23-05-04 19:56:29.897 - INFO: black_004_s001       - PSNR: 81.549028 dB; SSIM: 0.999962; PSNR_Y: 82.870949 dB; SSIM_Y: 0.999997.
23-05-04 19:56:30.219 - INFO: black_004_s002       - PSNR: 80.000000 dB; SSIM: 1.000000; PSNR_Y: 80.000000 dB; SSIM_Y: 1.000000.
23-05-04 19:56:30.538 - INFO: black_004_s003       - PSNR: 81.549028 dB; SSIM: 0.999962; PSNR_Y: 82.870949 dB; SSIM_Y: 0.999997.
23-05-04 19:56:30.856 - INFO: black_004_s004       - PSNR: 80.000000 dB; SSIM: 1.000000; PSNR_Y: 80.000000 dB; SSIM_Y: 1.000000.
23-05-04 19:56:31.129 - INFO: black_004_s005       - PSNR: 81.549028 dB; SSIM: 0.999962; PSNR_Y: 82.870949 dB; SSIM_Y: 0.999997.
23-05-04 19:56:31.446 - INFO: black_004_s006       - PSNR: 69.194067 dB; SSIM: 0.999812; PSNR_Y: 70.533042 dB; SSIM_Y: 0.999929.
23-05-04 19:56:31.719 - INFO: black_004_s007       - PSNR: 63.140210 dB; SSIM: 0.999157; PSNR_Y: 64.538566 dB; SSIM_Y: 0.999694.
23-05-04 19:56:32.037 - INFO: black_004_s008       - PSNR: 60.047370 dB; SSIM: 0.997639; PSNR_Y: 61.456100 dB; SSIM_Y: 0.999420.
23-05-04 19:56:32.296 - INFO: black_004_s009       - PSNR: 80.000000 dB; SSIM: 1.000000; PSNR_Y: 80.000000 dB; SSIM_Y: 1.000000.
23-05-04 19:56:32.601 - INFO: black_004_s010       - PSNR: 80.000000 dB; SSIM: 1.000000; PSNR_Y: 80.000000 dB; SSIM_Y: 1.000000.
23-05-04 19:56:32.925 - INFO: black_004_s011       - PSNR: 80.000000 dB; SSIM: 1.000000; PSNR_Y: 80.000000 dB; SSIM_Y: 1.000000.
23-05-04 19:56:33.249 - INFO: black_004_s012       - PSNR: 51.623479 dB; SSIM: 0.998698; PSNR_Y: 53.251806 dB; SSIM_Y: 0.999374.
23-05-04 19:56:33.516 - INFO: black_004_s013       - PSNR: 51.647191 dB; SSIM: 0.997073; PSNR_Y: 53.254294 dB; SSIM_Y: 0.998105.
23-05-04 19:56:33.850 - INFO: black_004_s014       - PSNR: 80.000000 dB; SSIM: 1.000000; PSNR_Y: 80.000000 dB; SSIM_Y: 1.000000.
23-05-04 19:56:34.168 - INFO: black_004_s015       - PSNR: 74.310474 dB; SSIM: 0.999909; PSNR_Y: 75.593140 dB; SSIM_Y: 0.999981.
23-05-04 19:56:34.487 - INFO: black_004_s016       - PSNR: 80.000000 dB; SSIM: 1.000000; PSNR_Y: 80.000000 dB; SSIM_Y: 1.000000.
23-05-04 19:56:34.810 - INFO: black_004_s017       - PSNR: 68.323522 dB; SSIM: 0.999731; PSNR_Y: 70.230207 dB; SSIM_Y: 0.999930.
23-05-04 19:56:35.134 - INFO: black_004_s018       - PSNR: 80.000000 dB; SSIM: 1.000000; PSNR_Y: 80.000000 dB; SSIM_Y: 1.000000.
23-05-04 19:56:35.451 - INFO: black_004_s019       - PSNR: 80.000000 dB; SSIM: 1.000000; PSNR_Y: 80.000000 dB; SSIM_Y: 1.000000.
23-05-04 19:56:35.774 - INFO: black_004_s020       - PSNR: 52.801980 dB; SSIM: 0.998653; PSNR_Y: 54.269729 dB; SSIM_Y: 0.999174.
23-05-04 19:56:36.095 - INFO: black_004_s021       - PSNR: 48.224352 dB; SSIM: 0.995561; PSNR_Y: 49.646944 dB; SSIM_Y: 0.996863.
23-05-04 19:56:36.366 - INFO: black_004_s022       - PSNR: 79.166636 dB; SSIM: 0.999967; PSNR_Y: 80.488558 dB; SSIM_Y: 0.999992.
23-05-04 19:56:36.689 - INFO: black_004_s023       - PSNR: 80.000000 dB; SSIM: 1.000000; PSNR_Y: 80.000000 dB; SSIM_Y: 1.000000.
23-05-04 19:56:36.971 - INFO: black_004_s024       - PSNR: 71.194987 dB; SSIM: 0.999886; PSNR_Y: 72.652825 dB; SSIM_Y: 0.999959.
23-05-04 19:56:37.300 - INFO: black_004_s025       - PSNR: 70.500482 dB; SSIM: 0.999870; PSNR_Y: 71.885579 dB; SSIM_Y: 0.999949.
23-05-04 19:56:37.581 - INFO: black_004_s026       - PSNR: 80.000000 dB; SSIM: 1.000000; PSNR_Y: 80.000000 dB; SSIM_Y: 1.000000.
Traceback (most recent call last):
  File "test.py", line 86, in <module>
    ssim = util.calculate_ssim(sr_img, gt_img)
  File "/root/autodl-tmp/AGCM_paddle-main/utils/util.py", line 380, in calculate_ssim
    ssims.append(ssim(img1, img2))
  File "/root/autodl-tmp/AGCM_paddle-main/utils/util.py", line 360, in ssim
    sigma12 = cv2.filter2D(img1 * img2, -1, window)[5:-5, 5:-5] - mu1_mu2
KeyboardInterrupt
